<?xml version="1.0" encoding="UTF-8"?>
<!-- Generated by org.testng.reporters.JUnitReportReporter -->
<testsuite hostname="DESKTOP-3E9HTGA" failures="0" tests="1" name="Scripts.cancelInvoice" time="80.575" errors="0" timestamp="2021-12-16T15:57:59 IST" skipped="0">
  <testcase classname="Scripts.cancelInvoice" name="validateInvoiceCreation" time="80.575"/>
  <system-out>
    <![CDATA[Added Pickup location
Added Drop Off location
16122021155708
Load Created Successfully]]>
  </system-out>
</testsuite> <!-- Scripts.cancelInvoice -->
