<?xml version="1.0" encoding="UTF-8"?>
<!-- Generated by org.testng.reporters.JUnitReportReporter -->
<testsuite hostname="DESKTOP-3E9HTGA" failures="0" tests="1" name="Scripts.ValidateEstimatedTimeOfDeparture" time="50.635" errors="0" timestamp="2021-12-28T15:14:47 IST" skipped="0">
  <testcase classname="Scripts.ValidateEstimatedTimeOfDeparture" name="ValidateEstimatedDeparture" time="50.635"/>
  <system-out>
    <![CDATA[Added Pickup location
Added Drop Off location
28122021151429
Load Created Successfully]]>
  </system-out>
</testsuite> <!-- Scripts.ValidateEstimatedTimeOfDeparture -->
