<?xml version="1.0" encoding="UTF-8"?>
<!-- Generated by org.testng.reporters.JUnitReportReporter -->
<testsuite hostname="DESKTOP-3E9HTGA" failures="0" tests="1" name="Scripts.CarrierFrieghtcharges" time="71.173" errors="0" timestamp="2021-12-30T10:37:15 IST" skipped="0">
  <testcase classname="Scripts.CarrierFrieghtcharges" name="validateInvoiceCreation" time="71.173"/>
  <system-out>
    <![CDATA[Added Pickup location
Added Drop Off location
30122021103630
Load Created Successfully]]>
  </system-out>
</testsuite> <!-- Scripts.CarrierFrieghtcharges -->
