<?xml version="1.0" encoding="UTF-8"?>
<!-- Generated by org.testng.reporters.JUnitReportReporter -->
<testsuite hostname="DESKTOP-3E9HTGA" failures="0" tests="1" name="Scripts.ValidateLoadingAndUnloading" time="58.649" errors="0" timestamp="2021-12-28T15:13:36 IST" skipped="0">
  <testcase classname="Scripts.ValidateLoadingAndUnloading" name="ValidateLoadingAndUnloadingEvent" time="58.649"/>
  <system-out>
    <![CDATA[Added Pickup location
Added Drop Off location
28122021151314
Load Created Successfully]]>
  </system-out>
</testsuite> <!-- Scripts.ValidateLoadingAndUnloading -->
