<?xml version="1.0" encoding="UTF-8"?>
<!-- Generated by org.testng.reporters.JUnitReportReporter -->
<testsuite hostname="DESKTOP-3E9HTGA" failures="0" tests="1" name="Scripts.ValidateCarrierInvoice" time="106.954" errors="0" timestamp="2021-12-30T10:35:34 IST" skipped="0">
  <testcase classname="Scripts.ValidateCarrierInvoice" name="validateInvoiceCreation" time="106.954"/>
  <system-out>
    <![CDATA[Added Pickup location
Added Drop Off location
30122021103412
Load Created Successfully]]>
  </system-out>
</testsuite> <!-- Scripts.ValidateCarrierInvoice -->
