<?xml version="1.0" encoding="UTF-8"?>
<!-- Generated by org.testng.reporters.JUnitReportReporter -->
<testsuite hostname="DESKTOP-3E9HTGA" failures="0" tests="1" name="Scripts.ValidateCustomerFeightCharge" time="78.993" errors="0" timestamp="2021-12-30T10:29:54 IST" skipped="0">
  <testcase classname="Scripts.ValidateCustomerFeightCharge" name="validateInvoiceCreation" time="78.993"/>
  <system-out>
    <![CDATA[Added Pickup location
Added Drop Off location
30122021102912
Load Created Successfully]]>
  </system-out>
</testsuite> <!-- Scripts.ValidateCustomerFeightCharge -->
