<?xml version="1.0" encoding="UTF-8"?>
<!-- Generated by org.testng.reporters.JUnitReportReporter -->
<testsuite hostname="DESKTOP-3E9HTGA" failures="0" tests="1" name="Scripts.ValidateCustomerCancelInvoice" time="94.372" errors="0" timestamp="2021-12-30T10:33:24 IST" skipped="0">
  <testcase classname="Scripts.ValidateCustomerCancelInvoice" name="validateInvoiceCreation" time="94.372"/>
  <system-out>
    <![CDATA[Added Pickup location
Added Drop Off location
30122021103212
Load Created Successfully]]>
  </system-out>
</testsuite> <!-- Scripts.ValidateCustomerCancelInvoice -->
