<?xml version="1.0" encoding="UTF-8"?>
<!-- Generated by org.testng.reporters.JUnitReportReporter -->
<testsuite hostname="DESKTOP-3E9HTGA" failures="0" tests="1" name="Scripts.ValidateStatusDeparture" time="47.404" errors="0" timestamp="2021-12-28T15:12:13 IST" skipped="0">
  <testcase classname="Scripts.ValidateStatusDeparture" name="ValidateDepartureStatus" time="47.404"/>
  <system-out>
    <![CDATA[Added Pickup location
Added Drop Off location
28122021151154
Load Created Successfully]]>
  </system-out>
</testsuite> <!-- Scripts.ValidateStatusDeparture -->
